<?xml version="1.0" encoding="UTF-8"?>
<!-- Generated by org.testng.reporters.JUnitXMLReporter -->
<testsuite hostname="LAPTOP-U3SON4MT" ignored="0" name="Default test" tests="3" failures="0" timestamp="27 Oct 2018 21:18:26 GMT" time="0.084" errors="0">
  <testcase name="addfourTest" time="0.016" classname="test.classes.Other"/>
  <testcase name="addthreeTest" time="0.012" classname="test.classes.Other"/>
  <testcase name="addtwoTest" time="0.0" classname="test.classes.Other"/>
</testsuite> <!-- Default test -->
