<?xml version="1.0" encoding="UTF-8"?>
<!-- Generated by org.testng.reporters.JUnitXMLReporter -->
<testsuite hostname="RYs-MacBook-Pro" ignored="0" name="Default test" tests="4" failures="0" timestamp="26 Aug 2019 04:06:49 GMT" time="11.147" errors="0">
  <testcase name="displaySignInBoxTest" time="0.86" classname="test.classes.AmazonHomePageTest"/>
  <testcase name="enterUsernameTest" time="0.221" classname="test.classes.AmazonHomePageTest"/>
  <testcase name="enterPasswordTest" time="0.113" classname="test.classes.AmazonHomePageTest"/>
  <testcase name="clickSignInButtonB" time="3.526" classname="test.classes.AmazonHomePageTest"/>
</testsuite> <!-- Default test -->
