<?xml version="1.0" encoding="UTF-8"?>
<testng-results skipped="0" failed="0" ignored="0" total="1" passed="1">
  <reporter-output>
  </reporter-output>
  <suite name="Default suite" duration-ms="162305" started-at="2019-08-28T16:59:15Z" finished-at="2019-08-28T17:01:58Z">
    <groups>
    </groups>
    <test name="Default test" duration-ms="162305" started-at="2019-08-28T16:59:15Z" finished-at="2019-08-28T17:01:58Z">
      <class name="test.classes.AmazonHomePageLinksTest">
        <test-method status="PASS" signature="setUp()[pri:0, instance:test.classes.AmazonHomePageLinksTest@31a5c39e]" name="setUp" is-config="true" duration-ms="1686" started-at="2019-08-28T16:59:15Z" finished-at="2019-08-28T16:59:17Z">
          <reporter-output>
          </reporter-output>
        </test-method> <!-- setUp -->
        <test-method status="PASS" signature="navigateTo()[pri:0, instance:test.classes.AmazonHomePageLinksTest@31a5c39e]" name="navigateTo" is-config="true" duration-ms="2302" started-at="2019-08-28T16:59:17Z" finished-at="2019-08-28T16:59:19Z">
          <reporter-output>
          </reporter-output>
        </test-method> <!-- navigateTo -->
        <test-method status="PASS" signature="testAllLinks()[pri:1, instance:test.classes.AmazonHomePageLinksTest@31a5c39e]" name="testAllLinks" duration-ms="156103" started-at="2019-08-28T16:59:19Z" finished-at="2019-08-28T17:01:56Z">
          <reporter-output>
          </reporter-output>
        </test-method> <!-- testAllLinks -->
        <test-method status="PASS" signature="tearDown()[pri:0, instance:test.classes.AmazonHomePageLinksTest@31a5c39e]" name="tearDown" is-config="true" duration-ms="2197" started-at="2019-08-28T17:01:56Z" finished-at="2019-08-28T17:01:58Z">
          <reporter-output>
          </reporter-output>
        </test-method> <!-- tearDown -->
      </class> <!-- test.classes.AmazonHomePageLinksTest -->
    </test> <!-- Default test -->
  </suite> <!-- Default suite -->
</testng-results>
